<?xml version="1.0" encoding="UTF-8"?>
<testsuite xmlns:xsi="http://www.w3.org/2001/XMLSchema-instance" xsi:noNamespaceSchemaLocation="https://maven.apache.org/surefire/maven-surefire-plugin/xsd/surefire-test-report-3.0.xsd" version="3.0" name="com.sreeramtraders.springbootdockerization.ProcessScenarioTest" time="0.408" tests="1" errors="0" skipped="1" failures="0">
  <properties>
    <property name="gopherProxySet" value="false"/>
    <property name="awt.toolkit" value="sun.lwawt.macosx.LWCToolkit"/>
    <property name="file.encoding.pkg" value="sun.io"/>
    <property name="java.specification.version" value="1.8"/>
    <property name="sun.cpu.isalist" value=""/>
    <property name="sun.jnu.encoding" value="UTF-8"/>
    <property name="java.class.path" value="/Users/praneeththiruveedhula/Work/workspace/Camunda/IdeaProjects/springboot-dockerization09/target/test-classes:/Users/praneeththiruveedhula/Work/workspace/Camunda/IdeaProjects/springboot-dockerization09/target/classes:/Users/praneeththiruveedhula/.m2/repository/org/camunda/bpm/springboot/camunda-bpm-spring-boot-starter-webapp/7.19.0/camunda-bpm-spring-boot-starter-webapp-7.19.0.jar:/Users/praneeththiruveedhula/.m2/repository/org/camunda/bpm/springboot/camunda-bpm-spring-boot-starter-webapp-core/7.19.0/camunda-bpm-spring-boot-starter-webapp-core-7.19.0.jar:/Users/praneeththiruveedhula/.m2/repository/org/camunda/bpm/webapp/camunda-webapp/7.19.0/camunda-webapp-7.19.0-classes.jar:/Users/praneeththiruveedhula/.m2/repository/org/springframework/boot/spring-boot-starter-web/2.7.9/spring-boot-starter-web-2.7.9.jar:/Users/praneeththiruveedhula/.m2/repository/org/springframework/spring-webmvc/5.3.25/spring-webmvc-5.3.25.jar:/Users/praneeththiruveedhula/.m2/repository/org/camunda/bpm/webapp/camunda-webapp-webjar/7.19.0/camunda-webapp-webjar-7.19.0.jar:/Users/praneeththiruveedhula/.m2/repository/org/camunda/bpm/springboot/camunda-bpm-spring-boot-starter-rest/7.19.0/camunda-bpm-spring-boot-starter-rest-7.19.0.jar:/Users/praneeththiruveedhula/.m2/repository/org/camunda/bpm/springboot/camunda-bpm-spring-boot-starter/7.19.0/camunda-bpm-spring-boot-starter-7.19.0.jar:/Users/praneeththiruveedhula/.m2/repository/org/camunda/bpm/camunda-engine-spring/7.19.0/camunda-engine-spring-7.19.0.jar:/Users/praneeththiruveedhula/.m2/repository/org/camunda/bpm/camunda-engine/7.19.0/camunda-engine-7.19.0.jar:/Users/praneeththiruveedhula/.m2/repository/org/camunda/bpm/model/camunda-bpmn-model/7.19.0/camunda-bpmn-model-7.19.0.jar:/Users/praneeththiruveedhula/.m2/repository/org/camunda/bpm/model/camunda-xml-model/7.19.0/camunda-xml-model-7.19.0.jar:/Users/praneeththiruveedhula/.m2/repository/org/camunda/bpm/model/camunda-cmmn-model/7.19.0/camunda-cmmn-model-7.19.0.jar:/Users/praneeththiruveedhula/.m2/repository/org/camunda/bpm/dmn/camunda-engine-dmn/7.19.0/camunda-engine-dmn-7.19.0.jar:/Users/praneeththiruveedhula/.m2/repository/org/camunda/bpm/model/camunda-dmn-model/7.19.0/camunda-dmn-model-7.19.0.jar:/Users/praneeththiruveedhula/.m2/repository/org/camunda/bpm/dmn/camunda-engine-feel-api/7.19.0/camunda-engine-feel-api-7.19.0.jar:/Users/praneeththiruveedhula/.m2/repository/org/camunda/bpm/dmn/camunda-engine-feel-juel/7.19.0/camunda-engine-feel-juel-7.19.0.jar:/Users/praneeththiruveedhula/.m2/repository/org/camunda/bpm/dmn/camunda-engine-feel-scala/7.19.0/camunda-engine-feel-scala-7.19.0.jar:/Users/praneeththiruveedhula/.m2/repository/org/camunda/feel/feel-engine/1.15.3/feel-engine-1.15.3-scala-shaded.jar:/Users/praneeththiruveedhula/.m2/repository/org/camunda/commons/camunda-commons-typed-values/7.19.0/camunda-commons-typed-values-7.19.0.jar:/Users/praneeththiruveedhula/.m2/repository/org/mybatis/mybatis/3.5.6/mybatis-3.5.6.jar:/Users/praneeththiruveedhula/.m2/repository/joda-time/joda-time/2.1/joda-time-2.1.jar:/Users/praneeththiruveedhula/.m2/repository/org/camunda/connect/camunda-connect-core/1.5.6/camunda-connect-core-1.5.6.jar:/Users/praneeththiruveedhula/.m2/repository/org/camunda/connect/camunda-connect-connectors-all/1.5.6/camunda-connect-connectors-all-1.5.6.jar:/Users/praneeththiruveedhula/.m2/repository/org/springframework/spring-context/5.3.25/spring-context-5.3.25.jar:/Users/praneeththiruveedhula/.m2/repository/org/springframework/spring-aop/5.3.25/spring-aop-5.3.25.jar:/Users/praneeththiruveedhula/.m2/repository/org/springframework/spring-expression/5.3.25/spring-expression-5.3.25.jar:/Users/praneeththiruveedhula/.m2/repository/org/springframework/spring-tx/5.3.25/spring-tx-5.3.25.jar:/Users/praneeththiruveedhula/.m2/repository/org/springframework/spring-orm/5.3.25/spring-orm-5.3.25.jar:/Users/praneeththiruveedhula/.m2/repository/org/springframework/boot/spring-boot-autoconfigure/2.7.9/spring-boot-autoconfigure-2.7.9.jar:/Users/praneeththiruveedhula/.m2/repository/org/apache/commons/commons-lang3/3.12.0/commons-lang3-3.12.0.jar:/Users/praneeththiruveedhula/.m2/repository/com/fasterxml/uuid/java-uuid-generator/3.2.0/java-uuid-generator-3.2.0.jar:/Users/praneeththiruveedhula/.m2/repository/com/sun/xml/bind/jaxb-impl/2.3.6/jaxb-impl-2.3.6.jar:/Users/praneeththiruveedhula/.m2/repository/com/sun/activation/jakarta.activation/1.2.2/jakarta.activation-1.2.2.jar:/Users/praneeththiruveedhula/.m2/repository/org/camunda/bpm/camunda-engine-rest-core/7.19.0/camunda-engine-rest-core-7.19.0.jar:/Users/praneeththiruveedhula/.m2/repository/commons-fileupload/commons-fileupload/1.5/commons-fileupload-1.5.jar:/Users/praneeththiruveedhula/.m2/repository/commons-io/commons-io/2.8.0/commons-io-2.8.0.jar:/Users/praneeththiruveedhula/.m2/repository/com/fasterxml/jackson/jaxrs/jackson-jaxrs-json-provider/2.13.5/jackson-jaxrs-json-provider-2.13.5.jar:/Users/praneeththiruveedhula/.m2/repository/com/fasterxml/jackson/jaxrs/jackson-jaxrs-base/2.13.5/jackson-jaxrs-base-2.13.5.jar:/Users/praneeththiruveedhula/.m2/repository/com/fasterxml/jackson/module/jackson-module-jaxb-annotations/2.13.5/jackson-module-jaxb-annotations-2.13.5.jar:/Users/praneeththiruveedhula/.m2/repository/com/fasterxml/jackson/core/jackson-databind/2.13.5/jackson-databind-2.13.5.jar:/Users/praneeththiruveedhula/.m2/repository/com/fasterxml/jackson/core/jackson-annotations/2.13.5/jackson-annotations-2.13.5.jar:/Users/praneeththiruveedhula/.m2/repository/com/fasterxml/jackson/core/jackson-core/2.13.5/jackson-core-2.13.5.jar:/Users/praneeththiruveedhula/.m2/repository/com/fasterxml/jackson/datatype/jackson-datatype-jsr310/2.13.5/jackson-datatype-jsr310-2.13.5.jar:/Users/praneeththiruveedhula/.m2/repository/org/springframework/boot/spring-boot-starter-jersey/2.7.9/spring-boot-starter-jersey-2.7.9.jar:/Users/praneeththiruveedhula/.m2/repository/org/springframework/boot/spring-boot-starter-json/2.7.9/spring-boot-starter-json-2.7.9.jar:/Users/praneeththiruveedhula/.m2/repository/com/fasterxml/jackson/datatype/jackson-datatype-jdk8/2.13.5/jackson-datatype-jdk8-2.13.5.jar:/Users/praneeththiruveedhula/.m2/repository/com/fasterxml/jackson/module/jackson-module-parameter-names/2.13.5/jackson-module-parameter-names-2.13.5.jar:/Users/praneeththiruveedhula/.m2/repository/org/springframework/boot/spring-boot-starter-tomcat/2.7.9/spring-boot-starter-tomcat-2.7.9.jar:/Users/praneeththiruveedhula/.m2/repository/org/apache/tomcat/embed/tomcat-embed-core/9.0.71/tomcat-embed-core-9.0.71.jar:/Users/praneeththiruveedhula/.m2/repository/org/apache/tomcat/embed/tomcat-embed-el/9.0.71/tomcat-embed-el-9.0.71.jar:/Users/praneeththiruveedhula/.m2/repository/org/apache/tomcat/embed/tomcat-embed-websocket/9.0.71/tomcat-embed-websocket-9.0.71.jar:/Users/praneeththiruveedhula/.m2/repository/org/springframework/boot/spring-boot-starter-validation/2.7.9/spring-boot-starter-validation-2.7.9.jar:/Users/praneeththiruveedhula/.m2/repository/org/hibernate/validator/hibernate-validator/6.2.5.Final/hibernate-validator-6.2.5.Final.jar:/Users/praneeththiruveedhula/.m2/repository/org/jboss/logging/jboss-logging/3.4.3.Final/jboss-logging-3.4.3.Final.jar:/Users/praneeththiruveedhula/.m2/repository/com/fasterxml/classmate/1.5.1/classmate-1.5.1.jar:/Users/praneeththiruveedhula/.m2/repository/org/springframework/spring-web/5.3.25/spring-web-5.3.25.jar:/Users/praneeththiruveedhula/.m2/repository/org/glassfish/jersey/core/jersey-server/2.35/jersey-server-2.35.jar:/Users/praneeththiruveedhula/.m2/repository/org/glassfish/jersey/core/jersey-common/2.35/jersey-common-2.35.jar:/Users/praneeththiruveedhula/.m2/repository/org/glassfish/hk2/osgi-resource-locator/1.0.3/osgi-resource-locator-1.0.3.jar:/Users/praneeththiruveedhula/.m2/repository/org/glassfish/jersey/core/jersey-client/2.35/jersey-client-2.35.jar:/Users/praneeththiruveedhula/.m2/repository/jakarta/ws/rs/jakarta.ws.rs-api/2.1.6/jakarta.ws.rs-api-2.1.6.jar:/Users/praneeththiruveedhula/.m2/repository/org/glassfish/hk2/external/jakarta.inject/2.6.1/jakarta.inject-2.6.1.jar:/Users/praneeththiruveedhula/.m2/repository/jakarta/validation/jakarta.validation-api/2.0.2/jakarta.validation-api-2.0.2.jar:/Users/praneeththiruveedhula/.m2/repository/org/glassfish/jersey/containers/jersey-container-servlet-core/2.35/jersey-container-servlet-core-2.35.jar:/Users/praneeththiruveedhula/.m2/repository/org/glassfish/jersey/containers/jersey-container-servlet/2.35/jersey-container-servlet-2.35.jar:/Users/praneeththiruveedhula/.m2/repository/org/glassfish/jersey/ext/jersey-bean-validation/2.35/jersey-bean-validation-2.35.jar:/Users/praneeththiruveedhula/.m2/repository/org/glassfish/jersey/ext/jersey-spring5/2.35/jersey-spring5-2.35.jar:/Users/praneeththiruveedhula/.m2/repository/org/glassfish/jersey/inject/jersey-hk2/2.35/jersey-hk2-2.35.jar:/Users/praneeththiruveedhula/.m2/repository/org/glassfish/hk2/hk2-locator/2.6.1/hk2-locator-2.6.1.jar:/Users/praneeththiruveedhula/.m2/repository/org/glassfish/hk2/external/aopalliance-repackaged/2.6.1/aopalliance-repackaged-2.6.1.jar:/Users/praneeththiruveedhula/.m2/repository/org/javassist/javassist/3.25.0-GA/javassist-3.25.0-GA.jar:/Users/praneeththiruveedhula/.m2/repository/org/glassfish/hk2/hk2/2.6.1/hk2-2.6.1.jar:/Users/praneeththiruveedhula/.m2/repository/org/glassfish/hk2/hk2-utils/2.6.1/hk2-utils-2.6.1.jar:/Users/praneeththiruveedhula/.m2/repository/org/glassfish/hk2/hk2-api/2.6.1/hk2-api-2.6.1.jar:/Users/praneeththiruveedhula/.m2/repository/org/glassfish/hk2/hk2-core/2.6.1/hk2-core-2.6.1.jar:/Users/praneeththiruveedhula/.m2/repository/org/glassfish/hk2/hk2-runlevel/2.6.1/hk2-runlevel-2.6.1.jar:/Users/praneeththiruveedhula/.m2/repository/org/glassfish/hk2/class-model/2.6.1/class-model-2.6.1.jar:/Users/praneeththiruveedhula/.m2/repository/org/ow2/asm/asm-analysis/7.1/asm-analysis-7.1.jar:/Users/praneeththiruveedhula/.m2/repository/org/ow2/asm/asm-commons/7.1/asm-commons-7.1.jar:/Users/praneeththiruveedhula/.m2/repository/org/ow2/asm/asm-tree/7.1/asm-tree-7.1.jar:/Users/praneeththiruveedhula/.m2/repository/org/ow2/asm/asm-util/7.1/asm-util-7.1.jar:/Users/praneeththiruveedhula/.m2/repository/org/glassfish/hk2/spring-bridge/2.6.1/spring-bridge-2.6.1.jar:/Users/praneeththiruveedhula/.m2/repository/org/glassfish/jersey/media/jersey-media-json-jackson/2.35/jersey-media-json-jackson-2.35.jar:/Users/praneeththiruveedhula/.m2/repository/org/glassfish/jersey/ext/jersey-entity-filtering/2.35/jersey-entity-filtering-2.35.jar:/Users/praneeththiruveedhula/.m2/repository/com/h2database/h2/2.1.214/h2-2.1.214.jar:/Users/praneeththiruveedhula/.m2/repository/org/springframework/boot/spring-boot-starter-jdbc/2.7.9/spring-boot-starter-jdbc-2.7.9.jar:/Users/praneeththiruveedhula/.m2/repository/org/springframework/boot/spring-boot-starter/2.7.9/spring-boot-starter-2.7.9.jar:/Users/praneeththiruveedhula/.m2/repository/org/springframework/boot/spring-boot/2.7.9/spring-boot-2.7.9.jar:/Users/praneeththiruveedhula/.m2/repository/org/springframework/boot/spring-boot-starter-logging/2.7.9/spring-boot-starter-logging-2.7.9.jar:/Users/praneeththiruveedhula/.m2/repository/ch/qos/logback/logback-classic/1.2.11/logback-classic-1.2.11.jar:/Users/praneeththiruveedhula/.m2/repository/ch/qos/logback/logback-core/1.2.11/logback-core-1.2.11.jar:/Users/praneeththiruveedhula/.m2/repository/org/apache/logging/log4j/log4j-to-slf4j/2.17.2/log4j-to-slf4j-2.17.2.jar:/Users/praneeththiruveedhula/.m2/repository/org/apache/logging/log4j/log4j-api/2.17.2/log4j-api-2.17.2.jar:/Users/praneeththiruveedhula/.m2/repository/jakarta/annotation/jakarta.annotation-api/1.3.5/jakarta.annotation-api-1.3.5.jar:/Users/praneeththiruveedhula/.m2/repository/org/yaml/snakeyaml/1.30/snakeyaml-1.30.jar:/Users/praneeththiruveedhula/.m2/repository/com/zaxxer/HikariCP/4.0.3/HikariCP-4.0.3.jar:/Users/praneeththiruveedhula/.m2/repository/org/springframework/spring-jdbc/5.3.25/spring-jdbc-5.3.25.jar:/Users/praneeththiruveedhula/.m2/repository/org/springframework/spring-beans/5.3.25/spring-beans-5.3.25.jar:/Users/praneeththiruveedhula/.m2/repository/org/camunda/spin/camunda-spin-dataformat-all/1.19.0/camunda-spin-dataformat-all-1.19.0.jar:/Users/praneeththiruveedhula/.m2/repository/org/camunda/spin/camunda-spin-core/1.19.0/camunda-spin-core-1.19.0.jar:/Users/praneeththiruveedhula/.m2/repository/org/camunda/commons/camunda-commons-logging/1.12.0/camunda-commons-logging-1.12.0.jar:/Users/praneeththiruveedhula/.m2/repository/org/slf4j/slf4j-api/1.7.36/slf4j-api-1.7.36.jar:/Users/praneeththiruveedhula/.m2/repository/org/camunda/commons/camunda-commons-utils/1.12.0/camunda-commons-utils-1.12.0.jar:/Users/praneeththiruveedhula/.m2/repository/org/camunda/bpm/camunda-engine-plugin-spin/7.19.0/camunda-engine-plugin-spin-7.19.0.jar:/Users/praneeththiruveedhula/.m2/repository/org/springframework/boot/spring-boot-starter-test/2.7.9/spring-boot-starter-test-2.7.9.jar:/Users/praneeththiruveedhula/.m2/repository/org/springframework/boot/spring-boot-test/2.7.9/spring-boot-test-2.7.9.jar:/Users/praneeththiruveedhula/.m2/repository/org/springframework/boot/spring-boot-test-autoconfigure/2.7.9/spring-boot-test-autoconfigure-2.7.9.jar:/Users/praneeththiruveedhula/.m2/repository/com/jayway/jsonpath/json-path/2.7.0/json-path-2.7.0.jar:/Users/praneeththiruveedhula/.m2/repository/net/minidev/json-smart/2.4.8/json-smart-2.4.8.jar:/Users/praneeththiruveedhula/.m2/repository/net/minidev/accessors-smart/2.4.8/accessors-smart-2.4.8.jar:/Users/praneeththiruveedhula/.m2/repository/org/ow2/asm/asm/9.1/asm-9.1.jar:/Users/praneeththiruveedhula/.m2/repository/jakarta/xml/bind/jakarta.xml.bind-api/2.3.3/jakarta.xml.bind-api-2.3.3.jar:/Users/praneeththiruveedhula/.m2/repository/jakarta/activation/jakarta.activation-api/1.2.2/jakarta.activation-api-1.2.2.jar:/Users/praneeththiruveedhula/.m2/repository/org/assertj/assertj-core/3.22.0/assertj-core-3.22.0.jar:/Users/praneeththiruveedhula/.m2/repository/org/hamcrest/hamcrest/2.2/hamcrest-2.2.jar:/Users/praneeththiruveedhula/.m2/repository/org/junit/jupiter/junit-jupiter/5.8.2/junit-jupiter-5.8.2.jar:/Users/praneeththiruveedhula/.m2/repository/org/junit/jupiter/junit-jupiter-api/5.8.2/junit-jupiter-api-5.8.2.jar:/Users/praneeththiruveedhula/.m2/repository/org/opentest4j/opentest4j/1.2.0/opentest4j-1.2.0.jar:/Users/praneeththiruveedhula/.m2/repository/org/junit/platform/junit-platform-commons/1.8.2/junit-platform-commons-1.8.2.jar:/Users/praneeththiruveedhula/.m2/repository/org/apiguardian/apiguardian-api/1.1.2/apiguardian-api-1.1.2.jar:/Users/praneeththiruveedhula/.m2/repository/org/junit/jupiter/junit-jupiter-params/5.8.2/junit-jupiter-params-5.8.2.jar:/Users/praneeththiruveedhula/.m2/repository/org/junit/jupiter/junit-jupiter-engine/5.8.2/junit-jupiter-engine-5.8.2.jar:/Users/praneeththiruveedhula/.m2/repository/org/junit/platform/junit-platform-engine/1.8.2/junit-platform-engine-1.8.2.jar:/Users/praneeththiruveedhula/.m2/repository/org/mockito/mockito-core/4.5.1/mockito-core-4.5.1.jar:/Users/praneeththiruveedhula/.m2/repository/net/bytebuddy/byte-buddy/1.12.23/byte-buddy-1.12.23.jar:/Users/praneeththiruveedhula/.m2/repository/net/bytebuddy/byte-buddy-agent/1.12.23/byte-buddy-agent-1.12.23.jar:/Users/praneeththiruveedhula/.m2/repository/org/objenesis/objenesis/3.2/objenesis-3.2.jar:/Users/praneeththiruveedhula/.m2/repository/org/mockito/mockito-junit-jupiter/4.5.1/mockito-junit-jupiter-4.5.1.jar:/Users/praneeththiruveedhula/.m2/repository/org/skyscreamer/jsonassert/1.5.1/jsonassert-1.5.1.jar:/Users/praneeththiruveedhula/.m2/repository/com/vaadin/external/google/android-json/0.0.20131108.vaadin1/android-json-0.0.20131108.vaadin1.jar:/Users/praneeththiruveedhula/.m2/repository/org/springframework/spring-core/5.3.25/spring-core-5.3.25.jar:/Users/praneeththiruveedhula/.m2/repository/org/springframework/spring-jcl/5.3.25/spring-jcl-5.3.25.jar:/Users/praneeththiruveedhula/.m2/repository/org/springframework/spring-test/5.3.25/spring-test-5.3.25.jar:/Users/praneeththiruveedhula/.m2/repository/org/xmlunit/xmlunit-core/2.9.1/xmlunit-core-2.9.1.jar:/Users/praneeththiruveedhula/.m2/repository/org/camunda/bpm/camunda-bpm-junit5/7.19.0/camunda-bpm-junit5-7.19.0.jar:/Users/praneeththiruveedhula/.m2/repository/org/camunda/bpm/camunda-bpm-assert/7.19.0/camunda-bpm-assert-7.19.0.jar:/Users/praneeththiruveedhula/.m2/repository/org/camunda/community/process_test_coverage/camunda-process-test-coverage-junit5-platform-7/2.0.0/camunda-process-test-coverage-junit5-platform-7-2.0.0.jar:/Users/praneeththiruveedhula/.m2/repository/org/camunda/community/process_test_coverage/camunda-process-test-coverage-engine-platform-7/2.0.0/camunda-process-test-coverage-engine-platform-7-2.0.0.jar:/Users/praneeththiruveedhula/.m2/repository/org/camunda/community/process_test_coverage/camunda-process-test-coverage-core/2.0.0/camunda-process-test-coverage-core-2.0.0.jar:/Users/praneeththiruveedhula/.m2/repository/com/google/code/gson/gson/2.9.1/gson-2.9.1.jar:/Users/praneeththiruveedhula/.m2/repository/org/camunda/community/process_test_coverage/camunda-process-test-coverage-report-generator/2.0.0/camunda-process-test-coverage-report-generator-2.0.0.jar:/Users/praneeththiruveedhula/.m2/repository/io/github/microutils/kotlin-logging-jvm/2.1.23/kotlin-logging-jvm-2.1.23.jar:/Users/praneeththiruveedhula/.m2/repository/org/jetbrains/kotlin/kotlin-stdlib-common/1.6.21/kotlin-stdlib-common-1.6.21.jar:/Users/praneeththiruveedhula/.m2/repository/org/jetbrains/kotlin/kotlin-stdlib-jdk8/1.6.21/kotlin-stdlib-jdk8-1.6.21.jar:/Users/praneeththiruveedhula/.m2/repository/org/jetbrains/kotlin/kotlin-stdlib/1.6.21/kotlin-stdlib-1.6.21.jar:/Users/praneeththiruveedhula/.m2/repository/org/jetbrains/annotations/13.0/annotations-13.0.jar:/Users/praneeththiruveedhula/.m2/repository/org/jetbrains/kotlin/kotlin-stdlib-jdk7/1.6.21/kotlin-stdlib-jdk7-1.6.21.jar:/Users/praneeththiruveedhula/.m2/repository/org/camunda/bpm/extension/camunda-bpm-junit5/1.1.0/camunda-bpm-junit5-1.1.0.jar:/Users/praneeththiruveedhula/.m2/repository/org/camunda/community/process_test_coverage/camunda-process-test-coverage-spring-test-platform-7/2.0.0/camunda-process-test-coverage-spring-test-platform-7-2.0.0.jar:/Users/praneeththiruveedhula/.m2/repository/org/camunda/bpm/extension/camunda-bpm-assert-scenario/1.1.1/camunda-bpm-assert-scenario-1.1.1.jar:/Users/praneeththiruveedhula/.m2/repository/org/slf4j/jul-to-slf4j/1.7.36/jul-to-slf4j-1.7.36.jar:/Users/praneeththiruveedhula/.m2/repository/javax/xml/bind/jaxb-api/2.3.1/jaxb-api-2.3.1.jar:/Users/praneeththiruveedhula/.m2/repository/javax/activation/javax.activation-api/1.2.0/javax.activation-api-1.2.0.jar:"/>
    <property name="java.vm.vendor" value="Oracle Corporation"/>
    <property name="sun.arch.data.model" value="64"/>
    <property name="java.vendor.url" value="http://java.oracle.com/"/>
    <property name="user.timezone" value="Europe/Berlin"/>
    <property name="java.vm.specification.version" value="1.8"/>
    <property name="os.name" value="Mac OS X"/>
    <property name="user.country" value="DE"/>
    <property name="sun.java.launcher" value="SUN_STANDARD"/>
    <property name="sun.boot.library.path" value="/Library/Internet Plug-Ins/JavaAppletPlugin.plugin/Contents/Home/lib"/>
    <property name="sun.java.command" value="/Users/praneeththiruveedhula/Work/workspace/Camunda/IdeaProjects/springboot-dockerization09/target/surefire/surefirebooter-20230517075431665_3.jar /Users/praneeththiruveedhula/Work/workspace/Camunda/IdeaProjects/springboot-dockerization09/target/surefire 2023-05-17T07-54-31_134-jvmRun1 surefire-20230517075431665_1tmp surefire_0-20230517075431665_2tmp"/>
    <property name="http.nonProxyHosts" value="local|*.local|169.254/16|*.169.254/16"/>
    <property name="surefire.test.class.path" value="/Users/praneeththiruveedhula/Work/workspace/Camunda/IdeaProjects/springboot-dockerization09/target/test-classes:/Users/praneeththiruveedhula/Work/workspace/Camunda/IdeaProjects/springboot-dockerization09/target/classes:/Users/praneeththiruveedhula/.m2/repository/org/camunda/bpm/springboot/camunda-bpm-spring-boot-starter-webapp/7.19.0/camunda-bpm-spring-boot-starter-webapp-7.19.0.jar:/Users/praneeththiruveedhula/.m2/repository/org/camunda/bpm/springboot/camunda-bpm-spring-boot-starter-webapp-core/7.19.0/camunda-bpm-spring-boot-starter-webapp-core-7.19.0.jar:/Users/praneeththiruveedhula/.m2/repository/org/camunda/bpm/webapp/camunda-webapp/7.19.0/camunda-webapp-7.19.0-classes.jar:/Users/praneeththiruveedhula/.m2/repository/org/springframework/boot/spring-boot-starter-web/2.7.9/spring-boot-starter-web-2.7.9.jar:/Users/praneeththiruveedhula/.m2/repository/org/springframework/spring-webmvc/5.3.25/spring-webmvc-5.3.25.jar:/Users/praneeththiruveedhula/.m2/repository/org/camunda/bpm/webapp/camunda-webapp-webjar/7.19.0/camunda-webapp-webjar-7.19.0.jar:/Users/praneeththiruveedhula/.m2/repository/org/camunda/bpm/springboot/camunda-bpm-spring-boot-starter-rest/7.19.0/camunda-bpm-spring-boot-starter-rest-7.19.0.jar:/Users/praneeththiruveedhula/.m2/repository/org/camunda/bpm/springboot/camunda-bpm-spring-boot-starter/7.19.0/camunda-bpm-spring-boot-starter-7.19.0.jar:/Users/praneeththiruveedhula/.m2/repository/org/camunda/bpm/camunda-engine-spring/7.19.0/camunda-engine-spring-7.19.0.jar:/Users/praneeththiruveedhula/.m2/repository/org/camunda/bpm/camunda-engine/7.19.0/camunda-engine-7.19.0.jar:/Users/praneeththiruveedhula/.m2/repository/org/camunda/bpm/model/camunda-bpmn-model/7.19.0/camunda-bpmn-model-7.19.0.jar:/Users/praneeththiruveedhula/.m2/repository/org/camunda/bpm/model/camunda-xml-model/7.19.0/camunda-xml-model-7.19.0.jar:/Users/praneeththiruveedhula/.m2/repository/org/camunda/bpm/model/camunda-cmmn-model/7.19.0/camunda-cmmn-model-7.19.0.jar:/Users/praneeththiruveedhula/.m2/repository/org/camunda/bpm/dmn/camunda-engine-dmn/7.19.0/camunda-engine-dmn-7.19.0.jar:/Users/praneeththiruveedhula/.m2/repository/org/camunda/bpm/model/camunda-dmn-model/7.19.0/camunda-dmn-model-7.19.0.jar:/Users/praneeththiruveedhula/.m2/repository/org/camunda/bpm/dmn/camunda-engine-feel-api/7.19.0/camunda-engine-feel-api-7.19.0.jar:/Users/praneeththiruveedhula/.m2/repository/org/camunda/bpm/dmn/camunda-engine-feel-juel/7.19.0/camunda-engine-feel-juel-7.19.0.jar:/Users/praneeththiruveedhula/.m2/repository/org/camunda/bpm/dmn/camunda-engine-feel-scala/7.19.0/camunda-engine-feel-scala-7.19.0.jar:/Users/praneeththiruveedhula/.m2/repository/org/camunda/feel/feel-engine/1.15.3/feel-engine-1.15.3-scala-shaded.jar:/Users/praneeththiruveedhula/.m2/repository/org/camunda/commons/camunda-commons-typed-values/7.19.0/camunda-commons-typed-values-7.19.0.jar:/Users/praneeththiruveedhula/.m2/repository/org/mybatis/mybatis/3.5.6/mybatis-3.5.6.jar:/Users/praneeththiruveedhula/.m2/repository/joda-time/joda-time/2.1/joda-time-2.1.jar:/Users/praneeththiruveedhula/.m2/repository/org/camunda/connect/camunda-connect-core/1.5.6/camunda-connect-core-1.5.6.jar:/Users/praneeththiruveedhula/.m2/repository/org/camunda/connect/camunda-connect-connectors-all/1.5.6/camunda-connect-connectors-all-1.5.6.jar:/Users/praneeththiruveedhula/.m2/repository/org/springframework/spring-context/5.3.25/spring-context-5.3.25.jar:/Users/praneeththiruveedhula/.m2/repository/org/springframework/spring-aop/5.3.25/spring-aop-5.3.25.jar:/Users/praneeththiruveedhula/.m2/repository/org/springframework/spring-expression/5.3.25/spring-expression-5.3.25.jar:/Users/praneeththiruveedhula/.m2/repository/org/springframework/spring-tx/5.3.25/spring-tx-5.3.25.jar:/Users/praneeththiruveedhula/.m2/repository/org/springframework/spring-orm/5.3.25/spring-orm-5.3.25.jar:/Users/praneeththiruveedhula/.m2/repository/org/springframework/boot/spring-boot-autoconfigure/2.7.9/spring-boot-autoconfigure-2.7.9.jar:/Users/praneeththiruveedhula/.m2/repository/org/apache/commons/commons-lang3/3.12.0/commons-lang3-3.12.0.jar:/Users/praneeththiruveedhula/.m2/repository/com/fasterxml/uuid/java-uuid-generator/3.2.0/java-uuid-generator-3.2.0.jar:/Users/praneeththiruveedhula/.m2/repository/com/sun/xml/bind/jaxb-impl/2.3.6/jaxb-impl-2.3.6.jar:/Users/praneeththiruveedhula/.m2/repository/com/sun/activation/jakarta.activation/1.2.2/jakarta.activation-1.2.2.jar:/Users/praneeththiruveedhula/.m2/repository/org/camunda/bpm/camunda-engine-rest-core/7.19.0/camunda-engine-rest-core-7.19.0.jar:/Users/praneeththiruveedhula/.m2/repository/commons-fileupload/commons-fileupload/1.5/commons-fileupload-1.5.jar:/Users/praneeththiruveedhula/.m2/repository/commons-io/commons-io/2.8.0/commons-io-2.8.0.jar:/Users/praneeththiruveedhula/.m2/repository/com/fasterxml/jackson/jaxrs/jackson-jaxrs-json-provider/2.13.5/jackson-jaxrs-json-provider-2.13.5.jar:/Users/praneeththiruveedhula/.m2/repository/com/fasterxml/jackson/jaxrs/jackson-jaxrs-base/2.13.5/jackson-jaxrs-base-2.13.5.jar:/Users/praneeththiruveedhula/.m2/repository/com/fasterxml/jackson/module/jackson-module-jaxb-annotations/2.13.5/jackson-module-jaxb-annotations-2.13.5.jar:/Users/praneeththiruveedhula/.m2/repository/com/fasterxml/jackson/core/jackson-databind/2.13.5/jackson-databind-2.13.5.jar:/Users/praneeththiruveedhula/.m2/repository/com/fasterxml/jackson/core/jackson-annotations/2.13.5/jackson-annotations-2.13.5.jar:/Users/praneeththiruveedhula/.m2/repository/com/fasterxml/jackson/core/jackson-core/2.13.5/jackson-core-2.13.5.jar:/Users/praneeththiruveedhula/.m2/repository/com/fasterxml/jackson/datatype/jackson-datatype-jsr310/2.13.5/jackson-datatype-jsr310-2.13.5.jar:/Users/praneeththiruveedhula/.m2/repository/org/springframework/boot/spring-boot-starter-jersey/2.7.9/spring-boot-starter-jersey-2.7.9.jar:/Users/praneeththiruveedhula/.m2/repository/org/springframework/boot/spring-boot-starter-json/2.7.9/spring-boot-starter-json-2.7.9.jar:/Users/praneeththiruveedhula/.m2/repository/com/fasterxml/jackson/datatype/jackson-datatype-jdk8/2.13.5/jackson-datatype-jdk8-2.13.5.jar:/Users/praneeththiruveedhula/.m2/repository/com/fasterxml/jackson/module/jackson-module-parameter-names/2.13.5/jackson-module-parameter-names-2.13.5.jar:/Users/praneeththiruveedhula/.m2/repository/org/springframework/boot/spring-boot-starter-tomcat/2.7.9/spring-boot-starter-tomcat-2.7.9.jar:/Users/praneeththiruveedhula/.m2/repository/org/apache/tomcat/embed/tomcat-embed-core/9.0.71/tomcat-embed-core-9.0.71.jar:/Users/praneeththiruveedhula/.m2/repository/org/apache/tomcat/embed/tomcat-embed-el/9.0.71/tomcat-embed-el-9.0.71.jar:/Users/praneeththiruveedhula/.m2/repository/org/apache/tomcat/embed/tomcat-embed-websocket/9.0.71/tomcat-embed-websocket-9.0.71.jar:/Users/praneeththiruveedhula/.m2/repository/org/springframework/boot/spring-boot-starter-validation/2.7.9/spring-boot-starter-validation-2.7.9.jar:/Users/praneeththiruveedhula/.m2/repository/org/hibernate/validator/hibernate-validator/6.2.5.Final/hibernate-validator-6.2.5.Final.jar:/Users/praneeththiruveedhula/.m2/repository/org/jboss/logging/jboss-logging/3.4.3.Final/jboss-logging-3.4.3.Final.jar:/Users/praneeththiruveedhula/.m2/repository/com/fasterxml/classmate/1.5.1/classmate-1.5.1.jar:/Users/praneeththiruveedhula/.m2/repository/org/springframework/spring-web/5.3.25/spring-web-5.3.25.jar:/Users/praneeththiruveedhula/.m2/repository/org/glassfish/jersey/core/jersey-server/2.35/jersey-server-2.35.jar:/Users/praneeththiruveedhula/.m2/repository/org/glassfish/jersey/core/jersey-common/2.35/jersey-common-2.35.jar:/Users/praneeththiruveedhula/.m2/repository/org/glassfish/hk2/osgi-resource-locator/1.0.3/osgi-resource-locator-1.0.3.jar:/Users/praneeththiruveedhula/.m2/repository/org/glassfish/jersey/core/jersey-client/2.35/jersey-client-2.35.jar:/Users/praneeththiruveedhula/.m2/repository/jakarta/ws/rs/jakarta.ws.rs-api/2.1.6/jakarta.ws.rs-api-2.1.6.jar:/Users/praneeththiruveedhula/.m2/repository/org/glassfish/hk2/external/jakarta.inject/2.6.1/jakarta.inject-2.6.1.jar:/Users/praneeththiruveedhula/.m2/repository/jakarta/validation/jakarta.validation-api/2.0.2/jakarta.validation-api-2.0.2.jar:/Users/praneeththiruveedhula/.m2/repository/org/glassfish/jersey/containers/jersey-container-servlet-core/2.35/jersey-container-servlet-core-2.35.jar:/Users/praneeththiruveedhula/.m2/repository/org/glassfish/jersey/containers/jersey-container-servlet/2.35/jersey-container-servlet-2.35.jar:/Users/praneeththiruveedhula/.m2/repository/org/glassfish/jersey/ext/jersey-bean-validation/2.35/jersey-bean-validation-2.35.jar:/Users/praneeththiruveedhula/.m2/repository/org/glassfish/jersey/ext/jersey-spring5/2.35/jersey-spring5-2.35.jar:/Users/praneeththiruveedhula/.m2/repository/org/glassfish/jersey/inject/jersey-hk2/2.35/jersey-hk2-2.35.jar:/Users/praneeththiruveedhula/.m2/repository/org/glassfish/hk2/hk2-locator/2.6.1/hk2-locator-2.6.1.jar:/Users/praneeththiruveedhula/.m2/repository/org/glassfish/hk2/external/aopalliance-repackaged/2.6.1/aopalliance-repackaged-2.6.1.jar:/Users/praneeththiruveedhula/.m2/repository/org/javassist/javassist/3.25.0-GA/javassist-3.25.0-GA.jar:/Users/praneeththiruveedhula/.m2/repository/org/glassfish/hk2/hk2/2.6.1/hk2-2.6.1.jar:/Users/praneeththiruveedhula/.m2/repository/org/glassfish/hk2/hk2-utils/2.6.1/hk2-utils-2.6.1.jar:/Users/praneeththiruveedhula/.m2/repository/org/glassfish/hk2/hk2-api/2.6.1/hk2-api-2.6.1.jar:/Users/praneeththiruveedhula/.m2/repository/org/glassfish/hk2/hk2-core/2.6.1/hk2-core-2.6.1.jar:/Users/praneeththiruveedhula/.m2/repository/org/glassfish/hk2/hk2-runlevel/2.6.1/hk2-runlevel-2.6.1.jar:/Users/praneeththiruveedhula/.m2/repository/org/glassfish/hk2/class-model/2.6.1/class-model-2.6.1.jar:/Users/praneeththiruveedhula/.m2/repository/org/ow2/asm/asm-analysis/7.1/asm-analysis-7.1.jar:/Users/praneeththiruveedhula/.m2/repository/org/ow2/asm/asm-commons/7.1/asm-commons-7.1.jar:/Users/praneeththiruveedhula/.m2/repository/org/ow2/asm/asm-tree/7.1/asm-tree-7.1.jar:/Users/praneeththiruveedhula/.m2/repository/org/ow2/asm/asm-util/7.1/asm-util-7.1.jar:/Users/praneeththiruveedhula/.m2/repository/org/glassfish/hk2/spring-bridge/2.6.1/spring-bridge-2.6.1.jar:/Users/praneeththiruveedhula/.m2/repository/org/glassfish/jersey/media/jersey-media-json-jackson/2.35/jersey-media-json-jackson-2.35.jar:/Users/praneeththiruveedhula/.m2/repository/org/glassfish/jersey/ext/jersey-entity-filtering/2.35/jersey-entity-filtering-2.35.jar:/Users/praneeththiruveedhula/.m2/repository/com/h2database/h2/2.1.214/h2-2.1.214.jar:/Users/praneeththiruveedhula/.m2/repository/org/springframework/boot/spring-boot-starter-jdbc/2.7.9/spring-boot-starter-jdbc-2.7.9.jar:/Users/praneeththiruveedhula/.m2/repository/org/springframework/boot/spring-boot-starter/2.7.9/spring-boot-starter-2.7.9.jar:/Users/praneeththiruveedhula/.m2/repository/org/springframework/boot/spring-boot/2.7.9/spring-boot-2.7.9.jar:/Users/praneeththiruveedhula/.m2/repository/org/springframework/boot/spring-boot-starter-logging/2.7.9/spring-boot-starter-logging-2.7.9.jar:/Users/praneeththiruveedhula/.m2/repository/ch/qos/logback/logback-classic/1.2.11/logback-classic-1.2.11.jar:/Users/praneeththiruveedhula/.m2/repository/ch/qos/logback/logback-core/1.2.11/logback-core-1.2.11.jar:/Users/praneeththiruveedhula/.m2/repository/org/apache/logging/log4j/log4j-to-slf4j/2.17.2/log4j-to-slf4j-2.17.2.jar:/Users/praneeththiruveedhula/.m2/repository/org/apache/logging/log4j/log4j-api/2.17.2/log4j-api-2.17.2.jar:/Users/praneeththiruveedhula/.m2/repository/jakarta/annotation/jakarta.annotation-api/1.3.5/jakarta.annotation-api-1.3.5.jar:/Users/praneeththiruveedhula/.m2/repository/org/yaml/snakeyaml/1.30/snakeyaml-1.30.jar:/Users/praneeththiruveedhula/.m2/repository/com/zaxxer/HikariCP/4.0.3/HikariCP-4.0.3.jar:/Users/praneeththiruveedhula/.m2/repository/org/springframework/spring-jdbc/5.3.25/spring-jdbc-5.3.25.jar:/Users/praneeththiruveedhula/.m2/repository/org/springframework/spring-beans/5.3.25/spring-beans-5.3.25.jar:/Users/praneeththiruveedhula/.m2/repository/org/camunda/spin/camunda-spin-dataformat-all/1.19.0/camunda-spin-dataformat-all-1.19.0.jar:/Users/praneeththiruveedhula/.m2/repository/org/camunda/spin/camunda-spin-core/1.19.0/camunda-spin-core-1.19.0.jar:/Users/praneeththiruveedhula/.m2/repository/org/camunda/commons/camunda-commons-logging/1.12.0/camunda-commons-logging-1.12.0.jar:/Users/praneeththiruveedhula/.m2/repository/org/slf4j/slf4j-api/1.7.36/slf4j-api-1.7.36.jar:/Users/praneeththiruveedhula/.m2/repository/org/camunda/commons/camunda-commons-utils/1.12.0/camunda-commons-utils-1.12.0.jar:/Users/praneeththiruveedhula/.m2/repository/org/camunda/bpm/camunda-engine-plugin-spin/7.19.0/camunda-engine-plugin-spin-7.19.0.jar:/Users/praneeththiruveedhula/.m2/repository/org/springframework/boot/spring-boot-starter-test/2.7.9/spring-boot-starter-test-2.7.9.jar:/Users/praneeththiruveedhula/.m2/repository/org/springframework/boot/spring-boot-test/2.7.9/spring-boot-test-2.7.9.jar:/Users/praneeththiruveedhula/.m2/repository/org/springframework/boot/spring-boot-test-autoconfigure/2.7.9/spring-boot-test-autoconfigure-2.7.9.jar:/Users/praneeththiruveedhula/.m2/repository/com/jayway/jsonpath/json-path/2.7.0/json-path-2.7.0.jar:/Users/praneeththiruveedhula/.m2/repository/net/minidev/json-smart/2.4.8/json-smart-2.4.8.jar:/Users/praneeththiruveedhula/.m2/repository/net/minidev/accessors-smart/2.4.8/accessors-smart-2.4.8.jar:/Users/praneeththiruveedhula/.m2/repository/org/ow2/asm/asm/9.1/asm-9.1.jar:/Users/praneeththiruveedhula/.m2/repository/jakarta/xml/bind/jakarta.xml.bind-api/2.3.3/jakarta.xml.bind-api-2.3.3.jar:/Users/praneeththiruveedhula/.m2/repository/jakarta/activation/jakarta.activation-api/1.2.2/jakarta.activation-api-1.2.2.jar:/Users/praneeththiruveedhula/.m2/repository/org/assertj/assertj-core/3.22.0/assertj-core-3.22.0.jar:/Users/praneeththiruveedhula/.m2/repository/org/hamcrest/hamcrest/2.2/hamcrest-2.2.jar:/Users/praneeththiruveedhula/.m2/repository/org/junit/jupiter/junit-jupiter/5.8.2/junit-jupiter-5.8.2.jar:/Users/praneeththiruveedhula/.m2/repository/org/junit/jupiter/junit-jupiter-api/5.8.2/junit-jupiter-api-5.8.2.jar:/Users/praneeththiruveedhula/.m2/repository/org/opentest4j/opentest4j/1.2.0/opentest4j-1.2.0.jar:/Users/praneeththiruveedhula/.m2/repository/org/junit/platform/junit-platform-commons/1.8.2/junit-platform-commons-1.8.2.jar:/Users/praneeththiruveedhula/.m2/repository/org/apiguardian/apiguardian-api/1.1.2/apiguardian-api-1.1.2.jar:/Users/praneeththiruveedhula/.m2/repository/org/junit/jupiter/junit-jupiter-params/5.8.2/junit-jupiter-params-5.8.2.jar:/Users/praneeththiruveedhula/.m2/repository/org/junit/jupiter/junit-jupiter-engine/5.8.2/junit-jupiter-engine-5.8.2.jar:/Users/praneeththiruveedhula/.m2/repository/org/junit/platform/junit-platform-engine/1.8.2/junit-platform-engine-1.8.2.jar:/Users/praneeththiruveedhula/.m2/repository/org/mockito/mockito-core/4.5.1/mockito-core-4.5.1.jar:/Users/praneeththiruveedhula/.m2/repository/net/bytebuddy/byte-buddy/1.12.23/byte-buddy-1.12.23.jar:/Users/praneeththiruveedhula/.m2/repository/net/bytebuddy/byte-buddy-agent/1.12.23/byte-buddy-agent-1.12.23.jar:/Users/praneeththiruveedhula/.m2/repository/org/objenesis/objenesis/3.2/objenesis-3.2.jar:/Users/praneeththiruveedhula/.m2/repository/org/mockito/mockito-junit-jupiter/4.5.1/mockito-junit-jupiter-4.5.1.jar:/Users/praneeththiruveedhula/.m2/repository/org/skyscreamer/jsonassert/1.5.1/jsonassert-1.5.1.jar:/Users/praneeththiruveedhula/.m2/repository/com/vaadin/external/google/android-json/0.0.20131108.vaadin1/android-json-0.0.20131108.vaadin1.jar:/Users/praneeththiruveedhula/.m2/repository/org/springframework/spring-core/5.3.25/spring-core-5.3.25.jar:/Users/praneeththiruveedhula/.m2/repository/org/springframework/spring-jcl/5.3.25/spring-jcl-5.3.25.jar:/Users/praneeththiruveedhula/.m2/repository/org/springframework/spring-test/5.3.25/spring-test-5.3.25.jar:/Users/praneeththiruveedhula/.m2/repository/org/xmlunit/xmlunit-core/2.9.1/xmlunit-core-2.9.1.jar:/Users/praneeththiruveedhula/.m2/repository/org/camunda/bpm/camunda-bpm-junit5/7.19.0/camunda-bpm-junit5-7.19.0.jar:/Users/praneeththiruveedhula/.m2/repository/org/camunda/bpm/camunda-bpm-assert/7.19.0/camunda-bpm-assert-7.19.0.jar:/Users/praneeththiruveedhula/.m2/repository/org/camunda/community/process_test_coverage/camunda-process-test-coverage-junit5-platform-7/2.0.0/camunda-process-test-coverage-junit5-platform-7-2.0.0.jar:/Users/praneeththiruveedhula/.m2/repository/org/camunda/community/process_test_coverage/camunda-process-test-coverage-engine-platform-7/2.0.0/camunda-process-test-coverage-engine-platform-7-2.0.0.jar:/Users/praneeththiruveedhula/.m2/repository/org/camunda/community/process_test_coverage/camunda-process-test-coverage-core/2.0.0/camunda-process-test-coverage-core-2.0.0.jar:/Users/praneeththiruveedhula/.m2/repository/com/google/code/gson/gson/2.9.1/gson-2.9.1.jar:/Users/praneeththiruveedhula/.m2/repository/org/camunda/community/process_test_coverage/camunda-process-test-coverage-report-generator/2.0.0/camunda-process-test-coverage-report-generator-2.0.0.jar:/Users/praneeththiruveedhula/.m2/repository/io/github/microutils/kotlin-logging-jvm/2.1.23/kotlin-logging-jvm-2.1.23.jar:/Users/praneeththiruveedhula/.m2/repository/org/jetbrains/kotlin/kotlin-stdlib-common/1.6.21/kotlin-stdlib-common-1.6.21.jar:/Users/praneeththiruveedhula/.m2/repository/org/jetbrains/kotlin/kotlin-stdlib-jdk8/1.6.21/kotlin-stdlib-jdk8-1.6.21.jar:/Users/praneeththiruveedhula/.m2/repository/org/jetbrains/kotlin/kotlin-stdlib/1.6.21/kotlin-stdlib-1.6.21.jar:/Users/praneeththiruveedhula/.m2/repository/org/jetbrains/annotations/13.0/annotations-13.0.jar:/Users/praneeththiruveedhula/.m2/repository/org/jetbrains/kotlin/kotlin-stdlib-jdk7/1.6.21/kotlin-stdlib-jdk7-1.6.21.jar:/Users/praneeththiruveedhula/.m2/repository/org/camunda/bpm/extension/camunda-bpm-junit5/1.1.0/camunda-bpm-junit5-1.1.0.jar:/Users/praneeththiruveedhula/.m2/repository/org/camunda/community/process_test_coverage/camunda-process-test-coverage-spring-test-platform-7/2.0.0/camunda-process-test-coverage-spring-test-platform-7-2.0.0.jar:/Users/praneeththiruveedhula/.m2/repository/org/camunda/bpm/extension/camunda-bpm-assert-scenario/1.1.1/camunda-bpm-assert-scenario-1.1.1.jar:/Users/praneeththiruveedhula/.m2/repository/org/slf4j/jul-to-slf4j/1.7.36/jul-to-slf4j-1.7.36.jar:/Users/praneeththiruveedhula/.m2/repository/javax/xml/bind/jaxb-api/2.3.1/jaxb-api-2.3.1.jar:/Users/praneeththiruveedhula/.m2/repository/javax/activation/javax.activation-api/1.2.0/javax.activation-api-1.2.0.jar:"/>
    <property name="sun.cpu.endian" value="little"/>
    <property name="user.home" value="/Users/praneeththiruveedhula"/>
    <property name="user.language" value="en"/>
    <property name="java.specification.vendor" value="Oracle Corporation"/>
    <property name="java.home" value="/Library/Internet Plug-Ins/JavaAppletPlugin.plugin/Contents/Home"/>
    <property name="basedir" value="/Users/praneeththiruveedhula/Work/workspace/Camunda/IdeaProjects/springboot-dockerization09"/>
    <property name="style.color" value="always"/>
    <property name="file.separator" value="/"/>
    <property name="line.separator" value="&#10;"/>
    <property name="java.vm.specification.vendor" value="Oracle Corporation"/>
    <property name="java.specification.name" value="Java Platform API Specification"/>
    <property name="FILE_LOG_CHARSET" value="UTF-8"/>
    <property name="java.awt.graphicsenv" value="sun.awt.CGraphicsEnvironment"/>
    <property name="java.awt.headless" value="true"/>
    <property name="surefire.real.class.path" value="/Users/praneeththiruveedhula/Work/workspace/Camunda/IdeaProjects/springboot-dockerization09/target/surefire/surefirebooter-20230517075431665_3.jar"/>
    <property name="sun.boot.class.path" value="/Library/Internet Plug-Ins/JavaAppletPlugin.plugin/Contents/Home/lib/resources.jar:/Library/Internet Plug-Ins/JavaAppletPlugin.plugin/Contents/Home/lib/rt.jar:/Library/Internet Plug-Ins/JavaAppletPlugin.plugin/Contents/Home/lib/jsse.jar:/Library/Internet Plug-Ins/JavaAppletPlugin.plugin/Contents/Home/lib/jce.jar:/Library/Internet Plug-Ins/JavaAppletPlugin.plugin/Contents/Home/lib/charsets.jar:/Library/Internet Plug-Ins/JavaAppletPlugin.plugin/Contents/Home/lib/jfr.jar:/Library/Internet Plug-Ins/JavaAppletPlugin.plugin/Contents/Home/classes"/>
    <property name="sun.management.compiler" value="HotSpot 64-Bit Tiered Compilers"/>
    <property name="ftp.nonProxyHosts" value="local|*.local|169.254/16|*.169.254/16"/>
    <property name="java.runtime.version" value="1.8.0_371-b11"/>
    <property name="user.name" value="praneeththiruveedhula"/>
    <property name="path.separator" value=":"/>
    <property name="os.version" value="13.3.1"/>
    <property name="java.endorsed.dirs" value="/Library/Internet Plug-Ins/JavaAppletPlugin.plugin/Contents/Home/lib/endorsed"/>
    <property name="java.runtime.name" value="Java(TM) SE Runtime Environment"/>
    <property name="file.encoding" value="UTF-8"/>
    <property name="spring.beaninfo.ignore" value="true"/>
    <property name="java.vm.name" value="Java HotSpot(TM) 64-Bit Server VM"/>
    <property name="localRepository" value="/Users/praneeththiruveedhula/.m2/repository"/>
    <property name="java.vendor.url.bug" value="http://bugreport.sun.com/bugreport/"/>
    <property name="java.io.tmpdir" value="/var/folders/sx/vzyylc8j1v76npjgd984fnm40000gn/T/"/>
    <property name="com.zaxxer.hikari.pool_number" value="1"/>
    <property name="java.version" value="1.8.0_371"/>
    <property name="user.dir" value="/Users/praneeththiruveedhula/Work/workspace/Camunda/IdeaProjects/springboot-dockerization09"/>
    <property name="os.arch" value="x86_64"/>
    <property name="java.vm.specification.name" value="Java Virtual Machine Specification"/>
    <property name="PID" value="69833"/>
    <property name="java.awt.printerjob" value="sun.lwawt.macosx.CPrinterJob"/>
    <property name="sun.os.patch.level" value="unknown"/>
    <property name="CONSOLE_LOG_CHARSET" value="UTF-8"/>
    <property name="java.library.path" value="/Users/praneeththiruveedhula/Library/Java/Extensions:/Library/Java/Extensions:/Network/Library/Java/Extensions:/System/Library/Java/Extensions:/usr/lib/java:."/>
    <property name="java.vm.info" value="mixed mode"/>
    <property name="java.vendor" value="Oracle Corporation"/>
    <property name="java.vm.version" value="25.371-b11"/>
    <property name="java.specification.maintenance.version" value="4"/>
    <property name="java.ext.dirs" value="/Users/praneeththiruveedhula/Library/Java/Extensions:/Library/Internet Plug-Ins/JavaAppletPlugin.plugin/Contents/Home/lib/ext:/Library/Java/Extensions:/Network/Library/Java/Extensions:/System/Library/Java/Extensions:/usr/lib/java"/>
    <property name="sun.io.unicode.encoding" value="UnicodeBig"/>
    <property name="java.class.version" value="52.0"/>
    <property name="socksNonProxyHosts" value="local|*.local|169.254/16|*.169.254/16"/>
  </properties>
  <testcase name="testHappyPath" classname="com.sreeramtraders.springbootdockerization.ProcessScenarioTest" time="0">
    <skipped message="public void com.sreeramtraders.springbootdockerization.ProcessScenarioTest.testHappyPath() is @Disabled"/>
    <system-out><![CDATA[07:54:45.982 [main] INFO  o.s.b.t.c.SpringBootTestContextBootstrapper - Neither @ContextConfiguration nor @ContextHierarchy found for test class [com.sreeramtraders.springbootdockerization.ProcessScenarioTest], using SpringBootContextLoader
07:54:45.983 [main] INFO  o.s.t.c.s.AbstractContextLoader - Could not detect default resource locations for test class [com.sreeramtraders.springbootdockerization.ProcessScenarioTest]: no resource found for suffixes {-context.xml, Context.groovy}.
07:54:45.983 [main] INFO  o.s.t.c.s.AnnotationConfigContextLoaderUtils - Could not detect default configuration classes for test class [com.sreeramtraders.springbootdockerization.ProcessScenarioTest]: ProcessScenarioTest does not declare any static, non-private, non-final, nested classes annotated with @Configuration.
07:54:45.997 [main] INFO  o.s.b.t.c.SpringBootTestContextBootstrapper - Found @SpringBootConfiguration com.sreeramtraders.springbootdockerization.CamundaApplication for test class com.sreeramtraders.springbootdockerization.ProcessScenarioTest
07:54:46.005 [main] INFO  o.s.b.t.c.SpringBootTestContextBootstrapper - Loaded default TestExecutionListener class names from location [META-INF/spring.factories]: [org.springframework.boot.test.mock.mockito.MockitoTestExecutionListener, org.springframework.boot.test.mock.mockito.ResetMocksTestExecutionListener, org.springframework.boot.test.autoconfigure.restdocs.RestDocsTestExecutionListener, org.springframework.boot.test.autoconfigure.web.client.MockRestServiceServerResetTestExecutionListener, org.springframework.boot.test.autoconfigure.web.servlet.MockMvcPrintOnlyOnFailureTestExecutionListener, org.springframework.boot.test.autoconfigure.web.servlet.WebDriverTestExecutionListener, org.springframework.boot.test.autoconfigure.webservices.client.MockWebServiceServerTestExecutionListener, org.springframework.test.context.web.ServletTestExecutionListener, org.springframework.test.context.support.DirtiesContextBeforeModesTestExecutionListener, org.springframework.test.context.event.ApplicationEventsTestExecutionListener, org.springframework.test.context.support.DependencyInjectionTestExecutionListener, org.springframework.test.context.support.DirtiesContextTestExecutionListener, org.springframework.test.context.transaction.TransactionalTestExecutionListener, org.springframework.test.context.jdbc.SqlScriptsTestExecutionListener, org.springframework.test.context.event.EventPublishingTestExecutionListener, org.camunda.community.process_test_coverage.spring_test.platform7.ProcessEngineCoverageTestExecutionListener]
07:54:46.005 [main] INFO  o.s.b.t.c.SpringBootTestContextBootstrapper - Using TestExecutionListeners: [org.springframework.test.context.web.ServletTestExecutionListener@b56d8a7, org.springframework.test.context.support.DirtiesContextBeforeModesTestExecutionListener@13f36d75, org.springframework.test.context.event.ApplicationEventsTestExecutionListener@6de5ad56, org.springframework.boot.test.mock.mockito.MockitoTestExecutionListener@3155f190, org.springframework.boot.test.autoconfigure.SpringBootDependencyInjectionTestExecutionListener@cfb94fd, org.springframework.test.context.support.DirtiesContextTestExecutionListener@4ebd8d2, org.springframework.test.context.transaction.TransactionalTestExecutionListener@44a44a04, org.springframework.test.context.jdbc.SqlScriptsTestExecutionListener@5a63fa71, org.springframework.test.context.event.EventPublishingTestExecutionListener@a6fc1bc, org.springframework.boot.test.mock.mockito.ResetMocksTestExecutionListener@5018b56b, org.springframework.boot.test.autoconfigure.restdocs.RestDocsTestExecutionListener@360a3106, org.springframework.boot.test.autoconfigure.web.client.MockRestServiceServerResetTestExecutionListener@737ff5c4, org.springframework.boot.test.autoconfigure.web.servlet.MockMvcPrintOnlyOnFailureTestExecutionListener@7e9a836, org.springframework.boot.test.autoconfigure.web.servlet.WebDriverTestExecutionListener@124ff64d, org.springframework.boot.test.autoconfigure.webservices.client.MockWebServiceServerTestExecutionListener@75aa7703, org.camunda.community.process_test_coverage.spring_test.platform7.ProcessEngineCoverageTestExecutionListener@79777da7]
]]></system-out>
  </testcase>
</testsuite>