<?xml version="1.0" encoding="UTF-8"?>
<testsuite xmlns:xsi="http://www.w3.org/2001/XMLSchema-instance" xsi:noNamespaceSchemaLocation="https://maven.apache.org/surefire/maven-surefire-plugin/xsd/surefire-test-report-3.0.xsd" version="3.0" name="com.sreeramtraders.servicetask.ProcessUnitTest" time="6.046" tests="1" errors="0" skipped="1" failures="0">
  <properties>
    <property name="gopherProxySet" value="false"/>
    <property name="awt.toolkit" value="sun.lwawt.macosx.LWCToolkit"/>
    <property name="file.encoding.pkg" value="sun.io"/>
    <property name="java.specification.version" value="1.8"/>
    <property name="sun.cpu.isalist" value=""/>
    <property name="sun.jnu.encoding" value="UTF-8"/>
    <property name="java.class.path" value="/Users/praneeththiruveedhula/Work/workspace/Camunda/IdeaProjects/ServiceTaskApp04/target/test-classes:/Users/praneeththiruveedhula/Work/workspace/Camunda/IdeaProjects/ServiceTaskApp04/target/classes:/Users/praneeththiruveedhula/.m2/repository/org/camunda/bpm/camunda-engine/7.19.0/camunda-engine-7.19.0.jar:/Users/praneeththiruveedhula/.m2/repository/org/camunda/bpm/model/camunda-bpmn-model/7.19.0/camunda-bpmn-model-7.19.0.jar:/Users/praneeththiruveedhula/.m2/repository/org/camunda/bpm/model/camunda-xml-model/7.19.0/camunda-xml-model-7.19.0.jar:/Users/praneeththiruveedhula/.m2/repository/org/camunda/bpm/model/camunda-cmmn-model/7.19.0/camunda-cmmn-model-7.19.0.jar:/Users/praneeththiruveedhula/.m2/repository/org/camunda/bpm/dmn/camunda-engine-dmn/7.19.0/camunda-engine-dmn-7.19.0.jar:/Users/praneeththiruveedhula/.m2/repository/org/camunda/bpm/model/camunda-dmn-model/7.19.0/camunda-dmn-model-7.19.0.jar:/Users/praneeththiruveedhula/.m2/repository/org/camunda/bpm/dmn/camunda-engine-feel-api/7.19.0/camunda-engine-feel-api-7.19.0.jar:/Users/praneeththiruveedhula/.m2/repository/org/camunda/bpm/dmn/camunda-engine-feel-juel/7.19.0/camunda-engine-feel-juel-7.19.0.jar:/Users/praneeththiruveedhula/.m2/repository/org/camunda/bpm/dmn/camunda-engine-feel-scala/7.19.0/camunda-engine-feel-scala-7.19.0.jar:/Users/praneeththiruveedhula/.m2/repository/org/camunda/feel/feel-engine/1.15.3/feel-engine-1.15.3-scala-shaded.jar:/Users/praneeththiruveedhula/.m2/repository/org/camunda/commons/camunda-commons-logging/1.12.0/camunda-commons-logging-1.12.0.jar:/Users/praneeththiruveedhula/.m2/repository/org/camunda/commons/camunda-commons-typed-values/7.19.0/camunda-commons-typed-values-7.19.0.jar:/Users/praneeththiruveedhula/.m2/repository/org/mybatis/mybatis/3.5.6/mybatis-3.5.6.jar:/Users/praneeththiruveedhula/.m2/repository/org/springframework/spring-beans/5.3.22/spring-beans-5.3.22.jar:/Users/praneeththiruveedhula/.m2/repository/org/springframework/spring-core/5.3.22/spring-core-5.3.22.jar:/Users/praneeththiruveedhula/.m2/repository/org/springframework/spring-jcl/5.3.22/spring-jcl-5.3.22.jar:/Users/praneeththiruveedhula/.m2/repository/joda-time/joda-time/2.1/joda-time-2.1.jar:/Users/praneeththiruveedhula/.m2/repository/org/camunda/connect/camunda-connect-core/1.5.6/camunda-connect-core-1.5.6.jar:/Users/praneeththiruveedhula/.m2/repository/org/camunda/connect/camunda-connect-connectors-all/1.5.6/camunda-connect-connectors-all-1.5.6.jar:/Users/praneeththiruveedhula/.m2/repository/org/camunda/bpm/camunda-bpm-assert/7.19.0/camunda-bpm-assert-7.19.0.jar:/Users/praneeththiruveedhula/.m2/repository/org/assertj/assertj-core/3.22.0/assertj-core-3.22.0.jar:/Users/praneeththiruveedhula/.m2/repository/org/camunda/spin/camunda-spin-dataformat-all/1.19.0/camunda-spin-dataformat-all-1.19.0.jar:/Users/praneeththiruveedhula/.m2/repository/org/camunda/spin/camunda-spin-core/1.19.0/camunda-spin-core-1.19.0.jar:/Users/praneeththiruveedhula/.m2/repository/org/slf4j/slf4j-api/1.7.26/slf4j-api-1.7.26.jar:/Users/praneeththiruveedhula/.m2/repository/org/camunda/commons/camunda-commons-utils/1.12.0/camunda-commons-utils-1.12.0.jar:/Users/praneeththiruveedhula/.m2/repository/org/camunda/bpm/camunda-engine-plugin-spin/7.19.0/camunda-engine-plugin-spin-7.19.0.jar:/Users/praneeththiruveedhula/.m2/repository/org/camunda/template-engines/camunda-template-engines-freemarker/2.1.0/camunda-template-engines-freemarker-2.1.0.jar:/Users/praneeththiruveedhula/.m2/repository/org/freemarker/freemarker/2.3.31/freemarker-2.3.31.jar:/Users/praneeththiruveedhula/.m2/repository/org/camunda/template-engines/camunda-template-engines-velocity/2.1.0/camunda-template-engines-velocity-2.1.0.jar:/Users/praneeththiruveedhula/.m2/repository/org/apache/velocity/velocity-engine-core/2.3/velocity-engine-core-2.3.jar:/Users/praneeththiruveedhula/.m2/repository/org/apache/commons/commons-lang3/3.11/commons-lang3-3.11.jar:/Users/praneeththiruveedhula/.m2/repository/javax/servlet/javax.servlet-api/3.1.0/javax.servlet-api-3.1.0.jar:/Users/praneeththiruveedhula/.m2/repository/org/camunda/bpm/camunda-bpm-junit5/7.19.0/camunda-bpm-junit5-7.19.0.jar:/Users/praneeththiruveedhula/.m2/repository/com/h2database/h2/2.1.214/h2-2.1.214.jar:/Users/praneeththiruveedhula/.m2/repository/org/camunda/community/process_test_coverage/camunda-process-test-coverage-junit5-platform-7/2.0.0/camunda-process-test-coverage-junit5-platform-7-2.0.0.jar:/Users/praneeththiruveedhula/.m2/repository/org/camunda/community/process_test_coverage/camunda-process-test-coverage-engine-platform-7/2.0.0/camunda-process-test-coverage-engine-platform-7-2.0.0.jar:/Users/praneeththiruveedhula/.m2/repository/org/camunda/community/process_test_coverage/camunda-process-test-coverage-core/2.0.0/camunda-process-test-coverage-core-2.0.0.jar:/Users/praneeththiruveedhula/.m2/repository/com/google/code/gson/gson/2.8.9/gson-2.8.9.jar:/Users/praneeththiruveedhula/.m2/repository/org/camunda/community/process_test_coverage/camunda-process-test-coverage-report-generator/2.0.0/camunda-process-test-coverage-report-generator-2.0.0.jar:/Users/praneeththiruveedhula/.m2/repository/io/github/microutils/kotlin-logging-jvm/2.1.23/kotlin-logging-jvm-2.1.23.jar:/Users/praneeththiruveedhula/.m2/repository/org/jetbrains/kotlin/kotlin-stdlib-common/1.6.0/kotlin-stdlib-common-1.6.0.jar:/Users/praneeththiruveedhula/.m2/repository/org/jetbrains/kotlin/kotlin-stdlib-jdk8/1.6.0/kotlin-stdlib-jdk8-1.6.0.jar:/Users/praneeththiruveedhula/.m2/repository/org/jetbrains/kotlin/kotlin-stdlib/1.6.0/kotlin-stdlib-1.6.0.jar:/Users/praneeththiruveedhula/.m2/repository/org/jetbrains/annotations/13.0/annotations-13.0.jar:/Users/praneeththiruveedhula/.m2/repository/org/jetbrains/kotlin/kotlin-stdlib-jdk7/1.6.0/kotlin-stdlib-jdk7-1.6.0.jar:/Users/praneeththiruveedhula/.m2/repository/org/junit/jupiter/junit-jupiter/5.8.2/junit-jupiter-5.8.2.jar:/Users/praneeththiruveedhula/.m2/repository/org/junit/jupiter/junit-jupiter-api/5.8.2/junit-jupiter-api-5.8.2.jar:/Users/praneeththiruveedhula/.m2/repository/org/opentest4j/opentest4j/1.2.0/opentest4j-1.2.0.jar:/Users/praneeththiruveedhula/.m2/repository/org/junit/platform/junit-platform-commons/1.8.2/junit-platform-commons-1.8.2.jar:/Users/praneeththiruveedhula/.m2/repository/org/apiguardian/apiguardian-api/1.1.2/apiguardian-api-1.1.2.jar:/Users/praneeththiruveedhula/.m2/repository/org/junit/jupiter/junit-jupiter-params/5.8.2/junit-jupiter-params-5.8.2.jar:/Users/praneeththiruveedhula/.m2/repository/org/junit/jupiter/junit-jupiter-engine/5.8.2/junit-jupiter-engine-5.8.2.jar:/Users/praneeththiruveedhula/.m2/repository/org/junit/platform/junit-platform-engine/1.8.2/junit-platform-engine-1.8.2.jar:/Users/praneeththiruveedhula/.m2/repository/org/camunda/bpm/extension/camunda-bpm-junit5/1.1.0/camunda-bpm-junit5-1.1.0.jar:/Users/praneeththiruveedhula/.m2/repository/org/camunda/community/process_test_coverage/camunda-process-test-coverage-spring-test-platform-7/2.0.0/camunda-process-test-coverage-spring-test-platform-7-2.0.0.jar:/Users/praneeththiruveedhula/.m2/repository/ch/qos/logback/logback-classic/1.2.12/logback-classic-1.2.12.jar:/Users/praneeththiruveedhula/.m2/repository/ch/qos/logback/logback-core/1.2.12/logback-core-1.2.12.jar:/Users/praneeththiruveedhula/.m2/repository/org/slf4j/jcl-over-slf4j/1.7.36/jcl-over-slf4j-1.7.36.jar:/Users/praneeththiruveedhula/.m2/repository/org/slf4j/jul-to-slf4j/1.7.36/jul-to-slf4j-1.7.36.jar:"/>
    <property name="java.vm.vendor" value="Oracle Corporation"/>
    <property name="sun.arch.data.model" value="64"/>
    <property name="java.vendor.url" value="http://java.oracle.com/"/>
    <property name="user.timezone" value="Europe/Berlin"/>
    <property name="java.vm.specification.version" value="1.8"/>
    <property name="os.name" value="Mac OS X"/>
    <property name="user.country" value="DE"/>
    <property name="sun.java.launcher" value="SUN_STANDARD"/>
    <property name="sun.boot.library.path" value="/Library/Java/JavaVirtualMachines/jdk-1.8.jdk/Contents/Home/jre/lib"/>
    <property name="sun.java.command" value="/Users/praneeththiruveedhula/Work/workspace/Camunda/IdeaProjects/ServiceTaskApp04/target/surefire/surefirebooter-20230510211503023_3.jar /Users/praneeththiruveedhula/Work/workspace/Camunda/IdeaProjects/ServiceTaskApp04/target/surefire 2023-05-10T21-15-02_631-jvmRun1 surefire-20230510211503023_1tmp surefire_0-20230510211503023_2tmp"/>
    <property name="http.nonProxyHosts" value="local|*.local|169.254/16|*.169.254/16"/>
    <property name="surefire.test.class.path" value="/Users/praneeththiruveedhula/Work/workspace/Camunda/IdeaProjects/ServiceTaskApp04/target/test-classes:/Users/praneeththiruveedhula/Work/workspace/Camunda/IdeaProjects/ServiceTaskApp04/target/classes:/Users/praneeththiruveedhula/.m2/repository/org/camunda/bpm/camunda-engine/7.19.0/camunda-engine-7.19.0.jar:/Users/praneeththiruveedhula/.m2/repository/org/camunda/bpm/model/camunda-bpmn-model/7.19.0/camunda-bpmn-model-7.19.0.jar:/Users/praneeththiruveedhula/.m2/repository/org/camunda/bpm/model/camunda-xml-model/7.19.0/camunda-xml-model-7.19.0.jar:/Users/praneeththiruveedhula/.m2/repository/org/camunda/bpm/model/camunda-cmmn-model/7.19.0/camunda-cmmn-model-7.19.0.jar:/Users/praneeththiruveedhula/.m2/repository/org/camunda/bpm/dmn/camunda-engine-dmn/7.19.0/camunda-engine-dmn-7.19.0.jar:/Users/praneeththiruveedhula/.m2/repository/org/camunda/bpm/model/camunda-dmn-model/7.19.0/camunda-dmn-model-7.19.0.jar:/Users/praneeththiruveedhula/.m2/repository/org/camunda/bpm/dmn/camunda-engine-feel-api/7.19.0/camunda-engine-feel-api-7.19.0.jar:/Users/praneeththiruveedhula/.m2/repository/org/camunda/bpm/dmn/camunda-engine-feel-juel/7.19.0/camunda-engine-feel-juel-7.19.0.jar:/Users/praneeththiruveedhula/.m2/repository/org/camunda/bpm/dmn/camunda-engine-feel-scala/7.19.0/camunda-engine-feel-scala-7.19.0.jar:/Users/praneeththiruveedhula/.m2/repository/org/camunda/feel/feel-engine/1.15.3/feel-engine-1.15.3-scala-shaded.jar:/Users/praneeththiruveedhula/.m2/repository/org/camunda/commons/camunda-commons-logging/1.12.0/camunda-commons-logging-1.12.0.jar:/Users/praneeththiruveedhula/.m2/repository/org/camunda/commons/camunda-commons-typed-values/7.19.0/camunda-commons-typed-values-7.19.0.jar:/Users/praneeththiruveedhula/.m2/repository/org/mybatis/mybatis/3.5.6/mybatis-3.5.6.jar:/Users/praneeththiruveedhula/.m2/repository/org/springframework/spring-beans/5.3.22/spring-beans-5.3.22.jar:/Users/praneeththiruveedhula/.m2/repository/org/springframework/spring-core/5.3.22/spring-core-5.3.22.jar:/Users/praneeththiruveedhula/.m2/repository/org/springframework/spring-jcl/5.3.22/spring-jcl-5.3.22.jar:/Users/praneeththiruveedhula/.m2/repository/joda-time/joda-time/2.1/joda-time-2.1.jar:/Users/praneeththiruveedhula/.m2/repository/org/camunda/connect/camunda-connect-core/1.5.6/camunda-connect-core-1.5.6.jar:/Users/praneeththiruveedhula/.m2/repository/org/camunda/connect/camunda-connect-connectors-all/1.5.6/camunda-connect-connectors-all-1.5.6.jar:/Users/praneeththiruveedhula/.m2/repository/org/camunda/bpm/camunda-bpm-assert/7.19.0/camunda-bpm-assert-7.19.0.jar:/Users/praneeththiruveedhula/.m2/repository/org/assertj/assertj-core/3.22.0/assertj-core-3.22.0.jar:/Users/praneeththiruveedhula/.m2/repository/org/camunda/spin/camunda-spin-dataformat-all/1.19.0/camunda-spin-dataformat-all-1.19.0.jar:/Users/praneeththiruveedhula/.m2/repository/org/camunda/spin/camunda-spin-core/1.19.0/camunda-spin-core-1.19.0.jar:/Users/praneeththiruveedhula/.m2/repository/org/slf4j/slf4j-api/1.7.26/slf4j-api-1.7.26.jar:/Users/praneeththiruveedhula/.m2/repository/org/camunda/commons/camunda-commons-utils/1.12.0/camunda-commons-utils-1.12.0.jar:/Users/praneeththiruveedhula/.m2/repository/org/camunda/bpm/camunda-engine-plugin-spin/7.19.0/camunda-engine-plugin-spin-7.19.0.jar:/Users/praneeththiruveedhula/.m2/repository/org/camunda/template-engines/camunda-template-engines-freemarker/2.1.0/camunda-template-engines-freemarker-2.1.0.jar:/Users/praneeththiruveedhula/.m2/repository/org/freemarker/freemarker/2.3.31/freemarker-2.3.31.jar:/Users/praneeththiruveedhula/.m2/repository/org/camunda/template-engines/camunda-template-engines-velocity/2.1.0/camunda-template-engines-velocity-2.1.0.jar:/Users/praneeththiruveedhula/.m2/repository/org/apache/velocity/velocity-engine-core/2.3/velocity-engine-core-2.3.jar:/Users/praneeththiruveedhula/.m2/repository/org/apache/commons/commons-lang3/3.11/commons-lang3-3.11.jar:/Users/praneeththiruveedhula/.m2/repository/javax/servlet/javax.servlet-api/3.1.0/javax.servlet-api-3.1.0.jar:/Users/praneeththiruveedhula/.m2/repository/org/camunda/bpm/camunda-bpm-junit5/7.19.0/camunda-bpm-junit5-7.19.0.jar:/Users/praneeththiruveedhula/.m2/repository/com/h2database/h2/2.1.214/h2-2.1.214.jar:/Users/praneeththiruveedhula/.m2/repository/org/camunda/community/process_test_coverage/camunda-process-test-coverage-junit5-platform-7/2.0.0/camunda-process-test-coverage-junit5-platform-7-2.0.0.jar:/Users/praneeththiruveedhula/.m2/repository/org/camunda/community/process_test_coverage/camunda-process-test-coverage-engine-platform-7/2.0.0/camunda-process-test-coverage-engine-platform-7-2.0.0.jar:/Users/praneeththiruveedhula/.m2/repository/org/camunda/community/process_test_coverage/camunda-process-test-coverage-core/2.0.0/camunda-process-test-coverage-core-2.0.0.jar:/Users/praneeththiruveedhula/.m2/repository/com/google/code/gson/gson/2.8.9/gson-2.8.9.jar:/Users/praneeththiruveedhula/.m2/repository/org/camunda/community/process_test_coverage/camunda-process-test-coverage-report-generator/2.0.0/camunda-process-test-coverage-report-generator-2.0.0.jar:/Users/praneeththiruveedhula/.m2/repository/io/github/microutils/kotlin-logging-jvm/2.1.23/kotlin-logging-jvm-2.1.23.jar:/Users/praneeththiruveedhula/.m2/repository/org/jetbrains/kotlin/kotlin-stdlib-common/1.6.0/kotlin-stdlib-common-1.6.0.jar:/Users/praneeththiruveedhula/.m2/repository/org/jetbrains/kotlin/kotlin-stdlib-jdk8/1.6.0/kotlin-stdlib-jdk8-1.6.0.jar:/Users/praneeththiruveedhula/.m2/repository/org/jetbrains/kotlin/kotlin-stdlib/1.6.0/kotlin-stdlib-1.6.0.jar:/Users/praneeththiruveedhula/.m2/repository/org/jetbrains/annotations/13.0/annotations-13.0.jar:/Users/praneeththiruveedhula/.m2/repository/org/jetbrains/kotlin/kotlin-stdlib-jdk7/1.6.0/kotlin-stdlib-jdk7-1.6.0.jar:/Users/praneeththiruveedhula/.m2/repository/org/junit/jupiter/junit-jupiter/5.8.2/junit-jupiter-5.8.2.jar:/Users/praneeththiruveedhula/.m2/repository/org/junit/jupiter/junit-jupiter-api/5.8.2/junit-jupiter-api-5.8.2.jar:/Users/praneeththiruveedhula/.m2/repository/org/opentest4j/opentest4j/1.2.0/opentest4j-1.2.0.jar:/Users/praneeththiruveedhula/.m2/repository/org/junit/platform/junit-platform-commons/1.8.2/junit-platform-commons-1.8.2.jar:/Users/praneeththiruveedhula/.m2/repository/org/apiguardian/apiguardian-api/1.1.2/apiguardian-api-1.1.2.jar:/Users/praneeththiruveedhula/.m2/repository/org/junit/jupiter/junit-jupiter-params/5.8.2/junit-jupiter-params-5.8.2.jar:/Users/praneeththiruveedhula/.m2/repository/org/junit/jupiter/junit-jupiter-engine/5.8.2/junit-jupiter-engine-5.8.2.jar:/Users/praneeththiruveedhula/.m2/repository/org/junit/platform/junit-platform-engine/1.8.2/junit-platform-engine-1.8.2.jar:/Users/praneeththiruveedhula/.m2/repository/org/camunda/bpm/extension/camunda-bpm-junit5/1.1.0/camunda-bpm-junit5-1.1.0.jar:/Users/praneeththiruveedhula/.m2/repository/org/camunda/community/process_test_coverage/camunda-process-test-coverage-spring-test-platform-7/2.0.0/camunda-process-test-coverage-spring-test-platform-7-2.0.0.jar:/Users/praneeththiruveedhula/.m2/repository/ch/qos/logback/logback-classic/1.2.12/logback-classic-1.2.12.jar:/Users/praneeththiruveedhula/.m2/repository/ch/qos/logback/logback-core/1.2.12/logback-core-1.2.12.jar:/Users/praneeththiruveedhula/.m2/repository/org/slf4j/jcl-over-slf4j/1.7.36/jcl-over-slf4j-1.7.36.jar:/Users/praneeththiruveedhula/.m2/repository/org/slf4j/jul-to-slf4j/1.7.36/jul-to-slf4j-1.7.36.jar:"/>
    <property name="sun.cpu.endian" value="little"/>
    <property name="user.home" value="/Users/praneeththiruveedhula"/>
    <property name="user.language" value="en"/>
    <property name="java.specification.vendor" value="Oracle Corporation"/>
    <property name="java.home" value="/Library/Java/JavaVirtualMachines/jdk-1.8.jdk/Contents/Home/jre"/>
    <property name="basedir" value="/Users/praneeththiruveedhula/Work/workspace/Camunda/IdeaProjects/ServiceTaskApp04"/>
    <property name="style.color" value="always"/>
    <property name="file.separator" value="/"/>
    <property name="line.separator" value="&#10;"/>
    <property name="java.vm.specification.vendor" value="Oracle Corporation"/>
    <property name="java.specification.name" value="Java Platform API Specification"/>
    <property name="java.awt.graphicsenv" value="sun.awt.CGraphicsEnvironment"/>
    <property name="surefire.real.class.path" value="/Users/praneeththiruveedhula/Work/workspace/Camunda/IdeaProjects/ServiceTaskApp04/target/surefire/surefirebooter-20230510211503023_3.jar"/>
    <property name="sun.boot.class.path" value="/Library/Java/JavaVirtualMachines/jdk-1.8.jdk/Contents/Home/jre/lib/resources.jar:/Library/Java/JavaVirtualMachines/jdk-1.8.jdk/Contents/Home/jre/lib/rt.jar:/Library/Java/JavaVirtualMachines/jdk-1.8.jdk/Contents/Home/jre/lib/jsse.jar:/Library/Java/JavaVirtualMachines/jdk-1.8.jdk/Contents/Home/jre/lib/jce.jar:/Library/Java/JavaVirtualMachines/jdk-1.8.jdk/Contents/Home/jre/lib/charsets.jar:/Library/Java/JavaVirtualMachines/jdk-1.8.jdk/Contents/Home/jre/lib/jfr.jar:/Library/Java/JavaVirtualMachines/jdk-1.8.jdk/Contents/Home/jre/classes"/>
    <property name="sun.management.compiler" value="HotSpot 64-Bit Tiered Compilers"/>
    <property name="ftp.nonProxyHosts" value="local|*.local|169.254/16|*.169.254/16"/>
    <property name="java.runtime.version" value="1.8.0_371-b11"/>
    <property name="user.name" value="praneeththiruveedhula"/>
    <property name="path.separator" value=":"/>
    <property name="os.version" value="13.0"/>
    <property name="java.endorsed.dirs" value="/Library/Java/JavaVirtualMachines/jdk-1.8.jdk/Contents/Home/jre/lib/endorsed"/>
    <property name="java.runtime.name" value="Java(TM) SE Runtime Environment"/>
    <property name="file.encoding" value="UTF-8"/>
    <property name="java.vm.name" value="Java HotSpot(TM) 64-Bit Server VM"/>
    <property name="localRepository" value="/Users/praneeththiruveedhula/.m2/repository"/>
    <property name="java.vendor.url.bug" value="http://bugreport.sun.com/bugreport/"/>
    <property name="java.io.tmpdir" value="/var/folders/sx/vzyylc8j1v76npjgd984fnm40000gn/T/"/>
    <property name="java.version" value="1.8.0_371"/>
    <property name="user.dir" value="/Users/praneeththiruveedhula/Work/workspace/Camunda/IdeaProjects/ServiceTaskApp04"/>
    <property name="os.arch" value="x86_64"/>
    <property name="java.vm.specification.name" value="Java Virtual Machine Specification"/>
    <property name="java.awt.printerjob" value="sun.lwawt.macosx.CPrinterJob"/>
    <property name="sun.os.patch.level" value="unknown"/>
    <property name="java.library.path" value="/Users/praneeththiruveedhula/Library/Java/Extensions:/Library/Java/Extensions:/Network/Library/Java/Extensions:/System/Library/Java/Extensions:/usr/lib/java:."/>
    <property name="java.vm.info" value="mixed mode"/>
    <property name="java.vendor" value="Oracle Corporation"/>
    <property name="java.vm.version" value="25.371-b11"/>
    <property name="java.specification.maintenance.version" value="4"/>
    <property name="java.ext.dirs" value="/Users/praneeththiruveedhula/Library/Java/Extensions:/Library/Java/JavaVirtualMachines/jdk-1.8.jdk/Contents/Home/jre/lib/ext:/Library/Java/Extensions:/Network/Library/Java/Extensions:/System/Library/Java/Extensions:/usr/lib/java"/>
    <property name="sun.io.unicode.encoding" value="UnicodeBig"/>
    <property name="java.class.version" value="52.0"/>
    <property name="socksNonProxyHosts" value="local|*.local|169.254/16|*.169.254/16"/>
  </properties>
  <testcase name="testHappyPath" classname="com.sreeramtraders.servicetask.ProcessUnitTest" time="0">
    <skipped message="public void com.sreeramtraders.servicetask.ProcessUnitTest.testHappyPath() is @Disabled"/>
    <system-out><![CDATA[21:15:03.922 [main] DEBUG org.camunda.bpm.engine.test - ==== BUILDING PROCESS ENGINE ========================================================================
21:15:04.366 [main] INFO  org.camunda.bpm.engine.cfg - ENGINE-12003 Plugin 'SpinProcessEnginePlugin' activated on process engine 'default'
21:15:04.370 [main] INFO  org.camunda.spin - SPIN-01010 Discovered Spin data format provider: org.camunda.spin.impl.json.jackson.format.JacksonJsonDataFormatProvider[name = application/json]
21:15:04.540 [main] INFO  org.camunda.spin - SPIN-01010 Discovered Spin data format provider: org.camunda.spin.impl.xml.dom.format.DomXmlDataFormatProvider[name = application/xml]
21:15:04.617 [main] INFO  org.camunda.spin - SPIN-01009 Discovered Spin data format: org.camunda.spin.impl.xml.dom.format.DomXmlDataFormat[name = application/xml]
21:15:04.617 [main] INFO  org.camunda.spin - SPIN-01009 Discovered Spin data format: org.camunda.spin.impl.json.jackson.format.JacksonJsonDataFormat[name = application/json]
21:15:04.687 [main] INFO  org.camunda.bpm.dmn.feel.scala - FEEL/SCALA-01001 Spin value mapper detected
21:15:04.827 [main] INFO  org.camunda.feel.FeelEngine - Engine created. [value-mapper: CompositeValueMapper(List(org.camunda.feel.impl.JavaValueMapper@611df6e3, org.camunda.spin.plugin.impl.feel.integration.SpinValueMapper@5f2f577)), function-provider: org.camunda.bpm.dmn.feel.impl.scala.function.CustomFunctionTransformer@4ef27d66, clock: SystemClock, configuration: Configuration(false)]
21:15:09.360 [main] INFO  org.camunda.bpm.connect - CNCT-01004 Discovered provider for connector id 'http-connector' and class 'org.camunda.connect.httpclient.impl.HttpConnectorImpl': 'org.camunda.connect.httpclient.impl.HttpConnectorProviderImpl'
21:15:09.363 [main] INFO  org.camunda.bpm.connect - CNCT-01004 Discovered provider for connector id 'soap-http-connector' and class 'org.camunda.connect.httpclient.soap.impl.SoapHttpConnectorImpl': 'org.camunda.connect.httpclient.soap.impl.SoapHttpConnectorProviderImpl'
21:15:09.623 [main] INFO  org.camunda.bpm.engine.persistence - ENGINE-03016 Performing database operation 'create' on component 'engine' with resource 'org/camunda/bpm/engine/db/create/activiti.h2.create.engine.sql'
21:15:09.710 [main] INFO  org.camunda.bpm.engine.persistence - ENGINE-03016 Performing database operation 'create' on component 'history' with resource 'org/camunda/bpm/engine/db/create/activiti.h2.create.history.sql'
21:15:09.734 [main] INFO  org.camunda.bpm.engine.persistence - ENGINE-03016 Performing database operation 'create' on component 'identity' with resource 'org/camunda/bpm/engine/db/create/activiti.h2.create.identity.sql'
21:15:09.763 [main] INFO  org.camunda.bpm.engine.persistence - ENGINE-03016 Performing database operation 'create' on component 'case.engine' with resource 'org/camunda/bpm/engine/db/create/activiti.h2.create.case.engine.sql'
21:15:09.769 [main] INFO  org.camunda.bpm.engine.persistence - ENGINE-03016 Performing database operation 'create' on component 'case.history' with resource 'org/camunda/bpm/engine/db/create/activiti.h2.create.case.history.sql'
21:15:09.774 [main] INFO  org.camunda.bpm.engine.persistence - ENGINE-03016 Performing database operation 'create' on component 'decision.engine' with resource 'org/camunda/bpm/engine/db/create/activiti.h2.create.decision.engine.sql'
21:15:09.788 [main] INFO  org.camunda.bpm.engine.persistence - ENGINE-03016 Performing database operation 'create' on component 'decision.history' with resource 'org/camunda/bpm/engine/db/create/activiti.h2.create.decision.history.sql'
21:15:09.825 [main] INFO  org.camunda.bpm.engine.persistence - ENGINE-03067 No history level property found in database
21:15:09.825 [main] INFO  org.camunda.bpm.engine.persistence - ENGINE-03065 Creating historyLevel property in database for level: HistoryLevelFull(name=full, id=3)
21:15:09.848 [main] INFO  org.camunda.bpm.engine - ENGINE-00001 Process Engine default created.
21:15:09.849 [main] DEBUG org.camunda.bpm.engine.test - ==== PROCESS ENGINE CREATED =========================================================================
]]></system-out>
  </testcase>
</testsuite>