<?xml version="1.0" encoding="UTF-8"?>
<testsuite xmlns:xsi="http://www.w3.org/2001/XMLSchema-instance" xsi:noNamespaceSchemaLocation="https://maven.apache.org/surefire/maven-surefire-plugin/xsd/surefire-test-report-3.0.xsd" version="3.0" name="com.sreeramtraders.ordersendreceivetask.ProcessUnitTest" time="0.009" tests="1" errors="0" skipped="1" failures="0">
  <properties/>
  <testcase name="testHappyPath" classname="com.sreeramtraders.ordersendreceivetask.ProcessUnitTest" time="0">
    <skipped message="class com.sreeramtraders.ordersendreceivetask.ProcessUnitTest is @Disabled"/>
  </testcase>
</testsuite>